<?xml version="1.0" encoding="UTF-8"?>
<!-- Generated by org.testng.reporters.JUnitReportReporter -->
<testsuite hostname="Himanshu-Sah" failures="0" tests="1" name="script.Script001" time="8.412" errors="0" timestamp="2023-01-27T13:39:59 IST" skipped="0">
  <testcase classname="script.Script001" name="steps" time="8.412"/>
  <system-out/>
</testsuite> <!-- script.Script001 -->
