<?xml version="1.0" encoding="UTF-8"?>
<!-- Generated by org.testng.reporters.JUnitReportReporter -->
<testsuite hostname="Himanshu-Sah" failures="0" tests="1" name="script.LoginProcess" time="0.004" errors="0" timestamp="2023-01-25T14:46:27 IST" skipped="0">
  <testcase classname="script.LoginProcess" name="steps" time="0.004"/>
  <system-out/>
</testsuite> <!-- script.LoginProcess -->
